#
# A fatal error has been detected by the Java Runtime Environment:
#
#  Internal Error (javaClasses.cpp:129), pid=7080, tid=8300
#  fatal error: Invalid layout of preloaded class
#
# JRE version: 7.0_25-b17
# Java VM: Java HotSpot(TM) 64-Bit Server VM (23.25-b01 mixed mode windows-amd64 compressed oops)
# Failed to write core dump. Minidumps are not enabled by default on client versions of Windows
#
# If you would like to submit a bug report, please visit:
#   http://bugreport.sun.com/bugreport/crash.jsp
#

---------------  T H R E A D  ---------------

Current thread (0x0000000002bbd800):  JavaThread "Unknown thread" [_thread_in_vm, id=8300, stack(0x00000000028c0000,0x00000000029c0000)]

Stack: [0x00000000028c0000,0x00000000029c0000]

---------------  P R O C E S S  ---------------

Java Threads: ( => current thread )

Other Threads:

=>0x0000000002bbd800 (exited) JavaThread "Unknown thread" [_thread_in_vm, id=8300, stack(0x00000000028c0000,0x00000000029c0000)]

VM state:not at safepoint (not fully initialized)

VM Mutex/Monitor currently owned by a thread: None

GC Heap History (0 events):
No events

Deoptimization events (0 events):
No events

Internal exceptions (0 events):
No events

Events (10 events):
Event: 0.007 loading class 0x0000000002a27f00 done
Event: 0.007 loading class 0x0000000002a28020 done
Event: 0.007 loading class 0x0000000002a28140
Event: 0.007 loading class 0x0000000002a301b0
Event: 0.007 loading class 0x0000000002a301b0 done
Event: 0.007 loading class 0x0000000002a30170
Event: 0.007 loading class 0x0000000002a30170 done
Event: 0.007 loading class 0x000000000b8f1a00
Event: 0.007 loading class 0x000000000b8f1a00 done
Event: 0.008 loading class 0x0000000002a28140 done


Dynamic libraries:
0x00007ff727180000 - 0x00007ff7271b3000 	C:\Program Files\Java\jre7\bin\javaw.exe
0x00007fff41e40000 - 0x00007fff41fe9000 	C:\WINDOWS\SYSTEM32\ntdll.dll
0x00007fff41580000 - 0x00007fff416b9000 	C:\WINDOWS\system32\KERNEL32.DLL
0x00007fff3f5c0000 - 0x00007fff3f6ce000 	C:\WINDOWS\system32\KERNELBASE.dll
0x00007fff3ddf0000 - 0x00007fff3de7b000 	C:\WINDOWS\system32\apphelp.dll
0x00007fff34fd0000 - 0x00007fff3501c000 	C:\WINDOWS\AppPatch\AppPatch64\AcGenral.DLL
0x00007fff41930000 - 0x00007fff419d7000 	C:\WINDOWS\system32\msvcrt.dll
0x00007fff3f000000 - 0x00007fff3f02b000 	C:\WINDOWS\SYSTEM32\SspiCli.dll
0x00007fff3fd90000 - 0x00007fff3fde1000 	C:\WINDOWS\system32\SHLWAPI.dll
0x00007fff41ac0000 - 0x00007fff41c31000 	C:\WINDOWS\system32\USER32.dll
0x00007fff41400000 - 0x00007fff41576000 	C:\WINDOWS\system32\ole32.dll
0x00007fff3fff0000 - 0x00007fff413ff000 	C:\WINDOWS\system32\SHELL32.dll
0x00007fff3e830000 - 0x00007fff3e84f000 	C:\WINDOWS\SYSTEM32\USERENV.dll
0x00007fff417a0000 - 0x00007fff41845000 	C:\WINDOWS\system32\ADVAPI32.dll
0x00007fff34760000 - 0x00007fff3477b000 	C:\WINDOWS\SYSTEM32\MPR.dll
0x00007fff3f820000 - 0x00007fff3f956000 	C:\WINDOWS\system32\RPCRT4.dll
0x00007fff3ff90000 - 0x00007fff3ffe7000 	C:\WINDOWS\SYSTEM32\sechost.dll
0x00007fff3fbb0000 - 0x00007fff3fd87000 	C:\WINDOWS\SYSTEM32\combase.dll
0x00007fff3f6d0000 - 0x00007fff3f815000 	C:\WINDOWS\system32\GDI32.dll
0x00007fff3f1c0000 - 0x00007fff3f1d4000 	C:\WINDOWS\SYSTEM32\profapi.dll
0x00007fff3d7f0000 - 0x00007fff3d891000 	C:\WINDOWS\SYSTEM32\SHCORE.dll
0x00007fff41a80000 - 0x00007fff41ab4000 	C:\WINDOWS\system32\IMM32.DLL
0x00007fff3fe50000 - 0x00007fff3ff88000 	C:\WINDOWS\system32\MSCTF.dll
0x00007fff3c1c0000 - 0x00007fff3c41a000 	C:\WINDOWS\WinSxS\amd64_microsoft.windows.common-controls_6595b64144ccf1df_6.0.9600.16384_none_62475f7becb72503\COMCTL32.dll
0x0000000054400000 - 0x00000000544d1000 	C:\Program Files\Java\jre7\bin\msvcr100.dll
0x0000000053cf0000 - 0x00000000543ff000 	C:\Program Files\Java\jre7\bin\server\jvm.dll
0x00007fff3b160000 - 0x00007fff3b169000 	C:\WINDOWS\SYSTEM32\WSOCK32.dll
0x00007fff346a0000 - 0x00007fff346bf000 	C:\WINDOWS\SYSTEM32\WINMM.dll
0x00007fff41920000 - 0x00007fff41927000 	C:\WINDOWS\system32\PSAPI.DLL
0x00007fff416c0000 - 0x00007fff41718000 	C:\WINDOWS\system32\WS2_32.dll
0x00007fff34660000 - 0x00007fff3468a000 	C:\WINDOWS\SYSTEM32\WINMMBASE.dll
0x00007fff41790000 - 0x00007fff41799000 	C:\WINDOWS\system32\NSI.dll
0x00007fff3f290000 - 0x00007fff3f2da000 	C:\WINDOWS\SYSTEM32\cfgmgr32.dll
0x00007fff3e050000 - 0x00007fff3e076000 	C:\WINDOWS\SYSTEM32\DEVOBJ.dll
0x0000000054520000 - 0x000000005452f000 	C:\Program Files\Java\jre7\bin\verify.dll
0x0000000053cc0000 - 0x0000000053ce8000 	C:\Program Files\Java\jre7\bin\java.dll
0x0000000054500000 - 0x0000000054515000 	C:\Program Files\Java\jre7\bin\zip.dll

VM Arguments:
jvm_args: -Dfile.encoding=Cp1252 -Xbootclasspath:D:\Users\Jordan\Documents\Eclipse\adt-bundle-windows-x86_64-20130729\adt-bundle-windows-x86_64-20130729\sdk\platforms\android-18\android.jar 
java_command: com.example.galagaadventuregame.FullscreenActivity
Launcher Type: SUN_STANDARD

Environment Variables:
CLASSPATH=.;C:\Program Files (x86)\Java\jre7\lib\ext\QTJava.zip
PATH=C:\Program Files (x86)\NVIDIA Corporation\PhysX\Common;C:\WINDOWS\system32;C:\WINDOWS;C:\WINDOWS\System32\Wbem;C:\WINDOWS\System32\WindowsPowerShell\v1.0\;C:\Program Files (x86)\ATI Technologies\ATI.ACE\Core-Static;C:\Program Files (x86)\QuickTime\QTSystem\;D:\Programs\Calibre\
USERNAME=Jordan
OS=Windows_NT
PROCESSOR_IDENTIFIER=Intel64 Family 6 Model 58 Stepping 9, GenuineIntel



---------------  S Y S T E M  ---------------

OS: Windows 8 , 64 bit Build 9200 

CPU:total 4 (4 cores per cpu, 1 threads per core) family 6 model 58 stepping 9, cmov, cx8, fxsr, mmx, sse, sse2, sse3, ssse3, sse4.1, sse4.2, popcnt, avx, tsc, tscinvbit, tscinv

Memory: 4k page, physical 8273476k(4885084k free), swap 10731076k(5791420k free)

vm_info: Java HotSpot(TM) 64-Bit Server VM (23.25-b01) for windows-amd64 JRE (1.7.0_25-b17), built on Jun 21 2013 12:58:32 by "java_re" with unknown MS VC++:1600

time: Thu Nov 14 18:38:52 2013
elapsed time: 0 seconds

